1669468198480	geckodriver	INFO	Listening on 127.0.0.1:53812
1669468201510	mozrunner::runner	INFO	Running command: "C:\\Program Files\\Mozilla Firefox\\firefox.exe" "--marionette" "--remote-debugging-port" "53813" "--remote-allow-hosts" "localhost" "-no-remote" "-profile" "C:\\Users\\PPAUL_~1\\AppData\\Local\\Temp\\rust_mozprofilew53Xpt"
1669468202360	Marionette	INFO	Marionette enabled
1669468202367	Marionette	INFO	Listening on port 53825
Read port: 53825
WebDriver BiDi listening on ws://127.0.0.1:53813
1669468202570	RemoteAgent	WARN	TLS certificate errors will be ignored for this session
console.warn: SearchSettings: "get: No settings file exists, new profile?" (new NotFoundError("Could not open the file at C:\\Users\\PPAUL_~1\\AppData\\Local\\Temp\\rust_mozprofilew53Xpt\\search.json.mozlz4", (void 0)))
DevTools listening on ws://127.0.0.1:53813/devtools/browser/c1fd3b73-b4a7-49d4-b023-fb0e6cf549a4
console.warn: LoginRecipes: "Falling back to a synchronous message for: https://accounts.google.com."
console.warn: LoginRecipes: "Falling back to a synchronous message for: https://accounts.google.com."
JavaScript warning: https://accounts.google.com/signup line 2 > eval line 1542 > eval line 1 > eval line 1 > eval, line 1: WEBGL_debug_renderer_info is deprecated in Firefox and will be removed. Please use RENDERER.
1669468295638	geckodriver	INFO	Listening on 127.0.0.1:53907
1669468298662	mozrunner::runner	INFO	Running command: "C:\\Program Files\\Mozilla Firefox\\firefox.exe" "--marionette" "--remote-debugging-port" "53908" "--remote-allow-hosts" "localhost" "-no-remote" "-profile" "C:\\Users\\PPAUL_~1\\AppData\\Local\\Temp\\rust_mozprofileWA9nst"
1669468299040	Marionette	INFO	Marionette enabled
1669468299046	Marionette	INFO	Listening on port 53920
Read port: 53920
WebDriver BiDi listening on ws://127.0.0.1:53908
1669468299208	RemoteAgent	WARN	TLS certificate errors will be ignored for this session
console.warn: SearchSettings: "get: No settings file exists, new profile?" (new NotFoundError("Could not open the file at C:\\Users\\PPAUL_~1\\AppData\\Local\\Temp\\rust_mozprofileWA9nst\\search.json.mozlz4", (void 0)))
DevTools listening on ws://127.0.0.1:53908/devtools/browser/3a14931d-49e4-4ed8-94b0-7f7c87b8510c
console.warn: LoginRecipes: "Falling back to a synchronous message for: https://accounts.google.com."
console.warn: LoginRecipes: "Falling back to a synchronous message for: https://accounts.google.com."
1669468311339	geckodriver	INFO	Listening on 127.0.0.1:53964
1669468318418	geckodriver	INFO	Listening on 127.0.0.1:53972
1669468321489	mozrunner::runner	INFO	Running command: "C:\\Program Files\\Mozilla Firefox\\firefox.exe" "--marionette" "--remote-debugging-port" "53973" "--remote-allow-hosts" "localhost" "-no-remote" "-profile" "C:\\Users\\PPAUL_~1\\AppData\\Local\\Temp\\rust_mozprofileyDW9Nu"
1669468321878	Marionette	INFO	Marionette enabled
1669468321883	Marionette	INFO	Listening on port 53983
Read port: 53983
WebDriver BiDi listening on ws://127.0.0.1:53973
1669468322045	RemoteAgent	WARN	TLS certificate errors will be ignored for this session
console.warn: SearchSettings: "get: No settings file exists, new profile?" (new NotFoundError("Could not open the file at C:\\Users\\PPAUL_~1\\AppData\\Local\\Temp\\rust_mozprofileyDW9Nu\\search.json.mozlz4", (void 0)))
DevTools listening on ws://127.0.0.1:53973/devtools/browser/3e295aa5-eaa2-4c57-a187-27ce43ada29a
console.warn: LoginRecipes: "Falling back to a synchronous message for: https://accounts.google.com."
console.warn: LoginRecipes: "Falling back to a synchronous message for: https://accounts.google.com."
JavaScript warning: https://accounts.google.com/signup line 2 > eval line 922 > eval line 1 > eval line 1 > eval, line 1: WEBGL_debug_renderer_info is deprecated in Firefox and will be removed. Please use RENDERER.
1669468356460	geckodriver	INFO	Listening on 127.0.0.1:54034
1669468359515	mozrunner::runner	INFO	Running command: "C:\\Program Files\\Mozilla Firefox\\firefox.exe" "--marionette" "--remote-debugging-port" "54035" "--remote-allow-hosts" "localhost" "-no-remote" "-profile" "C:\\Users\\PPAUL_~1\\AppData\\Local\\Temp\\rust_mozprofilec1nvHn"
1669468359910	Marionette	INFO	Marionette enabled
1669468359915	Marionette	INFO	Listening on port 54046
Read port: 54046
WebDriver BiDi listening on ws://127.0.0.1:54035
1669468360077	RemoteAgent	WARN	TLS certificate errors will be ignored for this session
console.warn: SearchSettings: "get: No settings file exists, new profile?" (new NotFoundError("Could not open the file at C:\\Users\\PPAUL_~1\\AppData\\Local\\Temp\\rust_mozprofilec1nvHn\\search.json.mozlz4", (void 0)))
DevTools listening on ws://127.0.0.1:54035/devtools/browser/9dcee5f7-7ceb-4aba-a173-a2ba44249012
console.warn: LoginRecipes: "Falling back to a synchronous message for: https://accounts.google.com."
console.warn: LoginRecipes: "Falling back to a synchronous message for: https://accounts.google.com."
console.warn: LoginRecipes: "Falling back to a synchronous message for: https://accounts.google.com."
console.warn: LoginRecipes: "Falling back to a synchronous message for: https://accounts.google.com."
JavaScript warning: https://accounts.google.com/signup line 2 > eval line 3639 > eval line 1 > eval line 1 > eval, line 1: WEBGL_debug_renderer_info is deprecated in Firefox and will be removed. Please use RENDERER.
1669468385787	Marionette	INFO	Stopped listening on port 54046
1669468411517	geckodriver	INFO	Listening on 127.0.0.1:54101
1669468414563	mozrunner::runner	INFO	Running command: "C:\\Program Files\\Mozilla Firefox\\firefox.exe" "--marionette" "--remote-debugging-port" "54102" "--remote-allow-hosts" "localhost" "-no-remote" "-profile" "C:\\Users\\PPAUL_~1\\AppData\\Local\\Temp\\rust_mozprofilevyQfy4"
1669468415005	Marionette	INFO	Marionette enabled
1669468415012	Marionette	INFO	Listening on port 54113
Read port: 54113
WebDriver BiDi listening on ws://127.0.0.1:54102
1669468415202	RemoteAgent	WARN	TLS certificate errors will be ignored for this session
console.warn: SearchSettings: "get: No settings file exists, new profile?" (new NotFoundError("Could not open the file at C:\\Users\\PPAUL_~1\\AppData\\Local\\Temp\\rust_mozprofilevyQfy4\\search.json.mozlz4", (void 0)))
DevTools listening on ws://127.0.0.1:54102/devtools/browser/1ca235f1-759c-4f7d-b5e3-75ca9acbb303
console.warn: LoginRecipes: "Falling back to a synchronous message for: https://accounts.google.com."
console.warn: LoginRecipes: "Falling back to a synchronous message for: https://accounts.google.com."
console.warn: LoginRecipes: "Falling back to a synchronous message for: https://accounts.google.com."
console.warn: LoginRecipes: "Falling back to a synchronous message for: https://accounts.google.com."
JavaScript warning: https://accounts.google.com/signup line 2 > eval line 3882 > eval line 1 > eval line 1 > eval, line 1: WEBGL_debug_renderer_info is deprecated in Firefox and will be removed. Please use RENDERER.
1669468424640	Marionette	INFO	Stopped listening on port 54113
1669468447581	geckodriver	INFO	Listening on 127.0.0.1:54168
1669468450632	mozrunner::runner	INFO	Running command: "C:\\Program Files\\Mozilla Firefox\\firefox.exe" "--marionette" "--remote-debugging-port" "54169" "--remote-allow-hosts" "localhost" "-no-remote" "-profile" "C:\\Users\\PPAUL_~1\\AppData\\Local\\Temp\\rust_mozprofileETpXn1"
1669468451013	Marionette	INFO	Marionette enabled
1669468451020	Marionette	INFO	Listening on port 54181
Read port: 54181
WebDriver BiDi listening on ws://127.0.0.1:54169
1669468451205	RemoteAgent	WARN	TLS certificate errors will be ignored for this session
console.warn: SearchSettings: "get: No settings file exists, new profile?" (new NotFoundError("Could not open the file at C:\\Users\\PPAUL_~1\\AppData\\Local\\Temp\\rust_mozprofileETpXn1\\search.json.mozlz4", (void 0)))
DevTools listening on ws://127.0.0.1:54169/devtools/browser/ed282415-096c-4147-9e40-d6a6efc3873d
console.warn: LoginRecipes: "Falling back to a synchronous message for: https://accounts.google.com."
console.warn: LoginRecipes: "Falling back to a synchronous message for: https://accounts.google.com."
console.warn: LoginRecipes: "Falling back to a synchronous message for: https://accounts.google.com."
console.warn: LoginRecipes: "Falling back to a synchronous message for: https://accounts.google.com."
JavaScript warning: https://accounts.google.com/signup line 2 > eval line 6649 > eval line 1 > eval line 1 > eval, line 1: WEBGL_debug_renderer_info is deprecated in Firefox and will be removed. Please use RENDERER.
JavaScript error: resource://gre/modules/AsyncShutdown.jsm, line 574: NotFoundError: No such JSWindowActor 'DevToolsFrame'
JavaScript error: resource://gre/modules/AsyncShutdown.jsm, line 574: NotFoundError: No such JSWindowActor 'DevToolsFrame'
1669468685098	Marionette	INFO	Stopped listening on port 54181
[Parent 1772, IPC I/O Parent] WARNING: file /builds/worker/checkouts/gecko/ipc/chromium/src/base/process_util_win.cc:167
1669468687766	geckodriver	INFO	Listening on 127.0.0.1:54261
1669468690810	mozrunner::runner	INFO	Running command: "C:\\Program Files\\Mozilla Firefox\\firefox.exe" "--marionette" "--remote-debugging-port" "54262" "--remote-allow-hosts" "localhost" "-no-remote" "-profile" "C:\\Users\\PPAUL_~1\\AppData\\Local\\Temp\\rust_mozprofile9aHzaV"
1669468691211	Marionette	INFO	Marionette enabled
1669468691216	Marionette	INFO	Listening on port 54272
Read port: 54272
WebDriver BiDi listening on ws://127.0.0.1:54262
1669468691384	RemoteAgent	WARN	TLS certificate errors will be ignored for this session
console.warn: SearchSettings: "get: No settings file exists, new profile?" (new NotFoundError("Could not open the file at C:\\Users\\PPAUL_~1\\AppData\\Local\\Temp\\rust_mozprofile9aHzaV\\search.json.mozlz4", (void 0)))
DevTools listening on ws://127.0.0.1:54262/devtools/browser/b0b21755-62d0-4ddd-879f-c42fa1825016
console.warn: LoginRecipes: "Falling back to a synchronous message for: https://accounts.google.com."
console.warn: LoginRecipes: "Falling back to a synchronous message for: https://accounts.google.com."
console.warn: LoginRecipes: "Falling back to a synchronous message for: https://accounts.google.com."
console.warn: LoginRecipes: "Falling back to a synchronous message for: https://accounts.google.com."
JavaScript warning: https://accounts.google.com/signup line 2 > eval line 6879 > eval line 1 > eval line 1 > eval, line 1: WEBGL_debug_renderer_info is deprecated in Firefox and will be removed. Please use RENDERER.
1669468898367	geckodriver	INFO	Listening on 127.0.0.1:54382
1669468901392	mozrunner::runner	INFO	Running command: "C:\\Program Files\\Mozilla Firefox\\firefox.exe" "--marionette" "--remote-debugging-port" "54383" "--remote-allow-hosts" "localhost" "-no-remote" "-profile" "C:\\Users\\PPAUL_~1\\AppData\\Local\\Temp\\rust_mozprofileqQo4wy"
1669468901769	Marionette	INFO	Marionette enabled
1669468901775	Marionette	INFO	Listening on port 54396
Read port: 54396
WebDriver BiDi listening on ws://127.0.0.1:54383
1669468901946	RemoteAgent	WARN	TLS certificate errors will be ignored for this session
console.warn: SearchSettings: "get: No settings file exists, new profile?" (new NotFoundError("Could not open the file at C:\\Users\\PPAUL_~1\\AppData\\Local\\Temp\\rust_mozprofileqQo4wy\\search.json.mozlz4", (void 0)))
DevTools listening on ws://127.0.0.1:54383/devtools/browser/3e19c1f0-a6ab-435e-b139-b79ab27fb6f0
console.warn: LoginRecipes: "Falling back to a synchronous message for: https://accounts.google.com."
console.warn: LoginRecipes: "Falling back to a synchronous message for: https://accounts.google.com."
JavaScript warning: https://accounts.google.com/signup line 2 > eval line 1636 > eval line 1 > eval line 1 > eval, line 1: WEBGL_debug_renderer_info is deprecated in Firefox and will be removed. Please use RENDERER.
console.warn: LoginRecipes: "Falling back to a synchronous message for: https://accounts.google.com."
console.warn: LoginRecipes: "Falling back to a synchronous message for: https://accounts.google.com."
JavaScript warning: https://accounts.google.com/signup/v2?flowName=GlifWebSignIn&flowEntry=SignUp line 2 > eval line 7766 > eval line 1 > eval line 1 > eval, line 1: WEBGL_debug_renderer_info is deprecated in Firefox and will be removed. Please use RENDERER.
1669468935962	Marionette	INFO	Stopped listening on port 54396
console.warn: TopSitesFeed: Failed to fetch data from Contile server: NetworkError when attempting to fetch resource.
1669468945743	geckodriver	INFO	Listening on 127.0.0.1:54458
1669468948799	mozrunner::runner	INFO	Running command: "C:\\Program Files\\Mozilla Firefox\\firefox.exe" "--marionette" "--remote-debugging-port" "54459" "--remote-allow-hosts" "localhost" "-no-remote" "-profile" "C:\\Users\\PPAUL_~1\\AppData\\Local\\Temp\\rust_mozprofilewiSjEJ"
1669468949186	Marionette	INFO	Marionette enabled
1669468949192	Marionette	INFO	Listening on port 54471
Read port: 54471
WebDriver BiDi listening on ws://127.0.0.1:54459
1669468949367	RemoteAgent	WARN	TLS certificate errors will be ignored for this session
console.warn: SearchSettings: "get: No settings file exists, new profile?" (new NotFoundError("Could not open the file at C:\\Users\\PPAUL_~1\\AppData\\Local\\Temp\\rust_mozprofilewiSjEJ\\search.json.mozlz4", (void 0)))
DevTools listening on ws://127.0.0.1:54459/devtools/browser/7d9ed6a0-dd3d-4f6f-b746-f679b3a61c3b
console.warn: LoginRecipes: "Falling back to a synchronous message for: https://accounts.google.com."
console.warn: LoginRecipes: "Falling back to a synchronous message for: https://accounts.google.com."
console.warn: LoginRecipes: "Falling back to a synchronous message for: https://accounts.google.com."
console.warn: LoginRecipes: "Falling back to a synchronous message for: https://accounts.google.com."
JavaScript warning: https://accounts.google.com/signup line 2 > eval line 6587 > eval line 1 > eval line 1 > eval, line 1: WEBGL_debug_renderer_info is deprecated in Firefox and will be removed. Please use RENDERER.
1669468990333	geckodriver	INFO	Listening on 127.0.0.1:54517
1669468993380	mozrunner::runner	INFO	Running command: "C:\\Program Files\\Mozilla Firefox\\firefox.exe" "--marionette" "--remote-debugging-port" "54518" "--remote-allow-hosts" "localhost" "-no-remote" "-profile" "C:\\Users\\PPAUL_~1\\AppData\\Local\\Temp\\rust_mozprofilelWGgtR"
1669468993765	Marionette	INFO	Marionette enabled
1669468993771	Marionette	INFO	Listening on port 54529
Read port: 54529
WebDriver BiDi listening on ws://127.0.0.1:54518
1669468993937	RemoteAgent	WARN	TLS certificate errors will be ignored for this session
console.warn: SearchSettings: "get: No settings file exists, new profile?" (new NotFoundError("Could not open the file at C:\\Users\\PPAUL_~1\\AppData\\Local\\Temp\\rust_mozprofilelWGgtR\\search.json.mozlz4", (void 0)))
DevTools listening on ws://127.0.0.1:54518/devtools/browser/9b4cf28a-a7c2-416f-ba1b-40068c12b969
console.warn: LoginRecipes: "Falling back to a synchronous message for: https://accounts.google.com."
console.warn: LoginRecipes: "Falling back to a synchronous message for: https://accounts.google.com."
console.warn: LoginRecipes: "Falling back to a synchronous message for: https://accounts.google.com."
console.warn: LoginRecipes: "Falling back to a synchronous message for: https://accounts.google.com."
JavaScript warning: https://accounts.google.com/signup line 2 > eval line 3107 > eval line 1 > eval line 1 > eval, line 1: WEBGL_debug_renderer_info is deprecated in Firefox and will be removed. Please use RENDERER.
1669469011119	geckodriver	INFO	Listening on 127.0.0.1:54575
1669469014165	mozrunner::runner	INFO	Running command: "C:\\Program Files\\Mozilla Firefox\\firefox.exe" "--marionette" "--remote-debugging-port" "54576" "--remote-allow-hosts" "localhost" "-no-remote" "-profile" "C:\\Users\\PPAUL_~1\\AppData\\Local\\Temp\\rust_mozprofile7caZPX"
1669469014543	Marionette	INFO	Marionette enabled
1669469014548	Marionette	INFO	Listening on port 54589
Read port: 54589
WebDriver BiDi listening on ws://127.0.0.1:54576
1669469014715	RemoteAgent	WARN	TLS certificate errors will be ignored for this session
console.warn: SearchSettings: "get: No settings file exists, new profile?" (new NotFoundError("Could not open the file at C:\\Users\\PPAUL_~1\\AppData\\Local\\Temp\\rust_mozprofile7caZPX\\search.json.mozlz4", (void 0)))
DevTools listening on ws://127.0.0.1:54576/devtools/browser/f88122fa-9c1d-4c24-aaeb-2cf5c1d2dd2c
console.warn: LoginRecipes: "Falling back to a synchronous message for: https://accounts.google.com."
1669469019663	Marionette	WARN	TimedPromise timed out after 500 ms: stacktrace:
TimedPromise/<@chrome://remote/content/marionette/sync.sys.mjs:220:24
TimedPromise@chrome://remote/content/marionette/sync.sys.mjs:205:10
interaction.flushEventLoop@chrome://remote/content/marionette/interaction.sys.mjs:425:10
webdriverClickElement@chrome://remote/content/marionette/interaction.sys.mjs:173:31
console.warn: LoginRecipes: "Falling back to a synchronous message for: https://accounts.google.com."
console.warn: LoginRecipes: "Falling back to a synchronous message for: https://accounts.google.com."
console.warn: "Listener for event 'frame' did not return a promise."
console.warn: "Listener for event 'frame' did not return a promise."
JavaScript warning: https://accounts.google.com/signup line 2 > eval line 7792 > eval line 1 > eval line 1 > eval, line 1: WEBGL_debug_renderer_info is deprecated in Firefox and will be removed. Please use RENDERER.
console.error: (new TypeError("parent is null", "resource://devtools/client/inspector/shared/style-change-tracker.js", 67))
TypeError: parent is null: canMutationImpactCurrentStyles@resource://devtools/client/inspector/shared/style-change-tracker.js:67:24
onMutations@resource://devtools/client/inspector/shared/style-change-tracker.js:84:41
_emit@resource://devtools/shared/event-emitter.js:242:32
emit@resource://devtools/shared/event-emitter.js:186:18
emit@resource://devtools/shared/event-emitter.js:330:18
getMutations@resource://devtools/client/fronts/walker.js:313:10

JavaScript error: resource://gre/modules/AsyncShutdown.jsm, line 574: NotFoundError: No such JSWindowActor 'DevToolsFrame'
JavaScript error: resource://gre/modules/AsyncShutdown.jsm, line 574: NotFoundError: No such JSWindowActor 'DevToolsFrame'
1669469277474	Marionette	INFO	Stopped listening on port 54589
emp\\rust_mozprofileB64Oxq"
1669469195480	Marionette	INFO	Marionette enabled
1669469195488	Marionette	INFO	Listening on port 54684
Read port: 54684
WebDriver BiDi listening on ws://127.0.0.1:54670
1669469195716	RemoteAgent	WARN	TLS certificate errors will be ignored for this session
console.warn: SearchSettings: "get: No settings file exists, new profile?" (new NotFoundError("Could not open the file at C:\\Users\\PPAUL_~1\\AppData\\Local\\Temp\\rust_mozprofileB64Oxq\\search.json.mozlz4", (void 0)))
DevTools listening on ws://127.0.0.1:54670/devtools/browser/3104e8c6-7cfa-46df-959b-da30d05412cd
console.warn: LoginRecipes: "Falling back to a synchronous message for: https://accounts.google.com."
console.warn: LoginRecipes: "Falling back to a synchronous message for: https://accounts.google.com."
console.warn: LoginRecipes: "Falling back to a synchronous message for: https://accounts.google.com."
1669469219995	Marionette	WARN	TimedPromise timed out after 500 ms: stacktrace:
TimedPromise/<@chrome://remote/content/marionette/sync.sys.mjs:220:24
TimedPromise@chrome://remote/content/marionette/sync.sys.mjs:205:10
interaction.flushEventLoop@chrome://remote/content/marionette/interaction.sys.mjs:425:10
webdriverClickElement@chrome://remote/content/marionette/interaction.sys.mjs:173:31
JavaScript warning: https://accounts.google.com/signup line 2 > eval line 6442 > eval line 1 > eval line 1 > eval, line 1: WEBGL_debug_renderer_info is deprecated in Firefox and will be removed. Please use RENDERER.
1669469276579	Marionette	INFO	Stopped listening on port 54684
console.warn: TopSitesFeed: Failed to fetch data from Contile server: NetworkError when attempting to fetch resource.
1669469279110	geckodriver	INFO	Listening on 127.0.0.1:54787
1669469282185	mozrunner::runner	INFO	Running command: "C:\\Program Files\\Mozilla Firefox\\firefox.exe" "--marionette" "--remote-debugging-port" "54788" "--remote-allow-hosts" "localhost" "-no-remote" "-profile" "C:\\Users\\PPAUL_~1\\AppData\\Local\\Temp\\rust_mozprofileLi9QND"
1669469282610	Marionette	INFO	Marionette enabled
1669469282616	Marionette	INFO	Listening on port 54800
Read port: 54800
WebDriver BiDi listening on ws://127.0.0.1:54788
1669469282826	RemoteAgent	WARN	TLS certificate errors will be ignored for this session
console.warn: SearchSettings: "get: No settings file exists, new profile?" (new NotFoundError("Could not open the file at C:\\Users\\PPAUL_~1\\AppData\\Local\\Temp\\rust_mozprofileLi9QND\\search.json.mozlz4", (void 0)))
DevTools listening on ws://127.0.0.1:54788/devtools/browser/26b14505-7c51-4ae9-bb29-f0a460d8174a
console.warn: LoginRecipes: "Falling back to a synchronous message for: https://accounts.google.com."
console.warn: LoginRecipes: "Falling back to a synchronous message for: https://accounts.google.com."
console.warn: LoginRecipes: "Falling back to a synchronous message for: https://accounts.google.com."
console.warn: LoginRecipes: "Falling back to a synchronous message for: https://accounts.google.com."
JavaScript warning: https://accounts.google.com/signup line 2 > eval line 3444 > eval line 1 > eval line 1 > eval, line 1: WEBGL_debug_renderer_info is deprecated in Firefox and will be removed. Please use RENDERER.
JavaScript warning: https://pagead2.googlesyndication.com/bg/HXK1UBO5dJ_nYlUyX89SMP4zFPzfcfFy3F4kBoREzco.js line 2 > eval line 7273 > eval line 1 > eval line 1 > eval, line 1: WEBGL_debug_renderer_info is deprecated in Firefox and will be removed. Please use RENDERER.
JavaScript error: https://community.jaspersoft.com/blog/locators-selenium-name-locator-example-gmail-login-automation-example-java-selenium, line 466: ReferenceError: FunnelEnvy is not defined
JavaScript error: https://sjrtp5-cdn.marketo.com/rtp-api/v1/rtp.js?aid=tibcoone, line 4: TypeError: window.$ is undefined
JavaScript error: https://sjrtp5-cdn.marketo.com/rtp-api/v1/rtp.js?aid=tibcoone, line 4: TypeError: window.$ is undefined
console.warn: LoginRecipes: "Falling back to a synchronous message for: https://www.google.com."
JavaScript error: resource://gre/modules/AsyncShutdown.jsm, line 574: NotFoundError: No such JSWindowActor 'DevToolsFrame'
JavaScript error: resource://gre/modules/AsyncShutdown.jsm, line 574: NotFoundError: No such JSWindowActor 'DevToolsFrame'
1669469399575	Marionette	INFO	Stopped listening on port 54800
[Parent 11356, IPC I/O Parent] WARNING: file /builds/worker/checkouts/gecko/ipc/chromium/src/base/process_util_win.cc:167
1669469401337	geckodriver	INFO	Listening on 127.0.0.1:55014
1669469404402	mozrunner::runner	INFO	Running command: "C:\\Program Files\\Mozilla Firefox\\firefox.exe" "--marionette" "--remote-debugging-port" "55015" "--remote-allow-hosts" "localhost" "-no-remote" "-profile" "C:\\Users\\PPAUL_~1\\AppData\\Local\\Temp\\rust_mozprofileU8HUVx"
1669469404970	Marionette	INFO	Marionette enabled
1669469404976	Marionette	INFO	Listening on port 55026
Read port: 55026
WebDriver BiDi listening on ws://127.0.0.1:55015
1669469405262	RemoteAgent	WARN	TLS certificate errors will be ignored for this session
console.warn: SearchSettings: "get: No settings file exists, new profile?" (new NotFoundError("Could not open the file at C:\\Users\\PPAUL_~1\\AppData\\Local\\Temp\\rust_mozprofileU8HUVx\\search.json.mozlz4", (void 0)))
DevTools listening on ws://127.0.0.1:55015/devtools/browser/3f0c9a43-636c-42b5-b46f-f616398b0d99
console.warn: LoginRecipes: "Falling back to a synchronous message for: https://accounts.google.com."
console.warn: LoginRecipes: "Falling back to a synchronous message for: https://accounts.google.com."
console.warn: LoginRecipes: "Falling back to a synchronous message for: https://accounts.google.com."
console.warn: LoginRecipes: "Falling back to a synchronous message for: https://accounts.google.com."
JavaScript warning: https://accounts.google.com/signup line 2 > eval line 1775 > eval line 1 > eval line 1 > eval, line 1: WEBGL_debug_renderer_info is deprecated in Firefox and will be removed. Please use RENDERER.
1669469487417	Marionette	INFO	Stopped listening on port 55026
console.warn: TopSitesFeed: Failed to fetch data from Contile server: NetworkError when attempting to fetch resource.
1669469490100	geckodriver	INFO	Listening on 127.0.0.1:55102
1669469493127	mozrunner::runner	INFO	Running command: "C:\\Program Files\\Mozilla Firefox\\firefox.exe" "--marionette" "--remote-debugging-port" "55103" "--remote-allow-hosts" "localhost" "-no-remote" "-profile" "C:\\Users\\PPAUL_~1\\AppData\\Local\\Temp\\rust_mozprofileo7EdcK"
1669469493502	Marionette	INFO	Marionette enabled
1669469493507	Marionette	INFO	Listening on port 55115
Read port: 55115
WebDriver BiDi listening on ws://127.0.0.1:55103
1669469493676	RemoteAgent	WARN	TLS certificate errors will be ignored for this session
console.warn: SearchSettings: "get: No settings file exists, new profile?" (new NotFoundError("Could not open the file at C:\\Users\\PPAUL_~1\\AppData\\Local\\Temp\\rust_mozprofileo7EdcK\\search.json.mozlz4", (void 0)))
DevTools listening on ws://127.0.0.1:55103/devtools/browser/5fa64537-4c73-46d2-b65b-8c3442e2464e
console.warn: LoginRecipes: "Falling back to a synchronous message for: https://accounts.google.com."
console.warn: LoginRecipes: "Falling back to a synchronous message for: https://accounts.google.com."
console.warn: LoginRecipes: "Falling back to a synchronous message for: https://accounts.google.com."
console.warn: LoginRecipes: "Falling back to a synchronous message for: https://accounts.google.com."
JavaScript warning: https://accounts.google.com/signup line 2 > eval line 3074 > eval line 1 > eval line 1 > eval, line 1: WEBGL_debug_renderer_info is deprecated in Firefox and will be removed. Please use RENDERER.
[2022-11-26T13:32:52Z ERROR mp4parse] Found 2 nul bytes in "\0\0"
[2022-11-26T13:32:52Z ERROR mp4parse] Found 2 nul bytes in "\0\0"
[2022-11-26T13:32:52Z ERROR mp4parse] Found 2 nul bytes in "\0\0"
[2022-11-26T13:32:52Z ERROR mp4parse] Found 2 nul bytes in "\0\0"
[2022-11-26T13:32:52Z ERROR mp4parse] Found 2 nul bytes in "\0\0"
[2022-11-26T13:32:52Z ERROR mp4parse] Found 2 nul bytes in "\0\0"
[2022-11-26T13:32:52Z ERROR mp4parse] Found 2 nul bytes in "\0\0"
[2022-11-26T13:32:52Z ERROR mp4parse] Found 2 nul bytes in "\0\0"
JavaScript error: https://tpc.googlesyndication.com/sodar/5k7CCto5.html, line 11: uncaught exception: 7
[2022-11-26T13:32:54Z ERROR mp4parse] Found 2 nul bytes in "\0\0"
[2022-11-26T13:32:54Z ERROR mp4parse] Found 2 nul bytes in "\0\0"
[2022-11-26T13:32:54Z ERROR mp4parse] Found 2 nul bytes in "\0\0"
[2022-11-26T13:32:54Z ERROR mp4parse] Found 2 nul bytes in "\0\0"
JavaScript warning: https://pagead2.googlesyndication.com/bg/CMfBH4QQu8qhRS080R59ZMjQKxPR2DetdQBVRwCE5yU.js line 2 > eval line 4204 > eval line 1 > eval line 1 > eval, line 1: WEBGL_debug_renderer_info is deprecated in Firefox and will be removed. Please use RENDERER.
JavaScript warning: https://pagead2.googlesyndication.com/bg/CMfBH4QQu8qhRS080R59ZMjQKxPR2DetdQBVRwCE5yU.js line 2 > eval line 4481 > eval line 1 > eval line 1 > eval, line 1: WEBGL_debug_renderer_info is deprecated in Firefox and will be removed. Please use RENDERER.
JavaScript warning: https://pagead2.googlesyndication.com/bg/HXK1UBO5dJ_nYlUyX89SMP4zFPzfcfFy3F4kBoREzco.js line 2 > eval line 6792 > eval line 1 > eval line 1 > eval, line 1: WEBGL_debug_renderer_info is deprecated in Firefox and will be removed. Please use RENDERER.
JavaScript warning: https://pagead2.googlesyndication.com/bg/HXK1UBO5dJ_nYlUyX89SMP4zFPzfcfFy3F4kBoREzco.js line 2 > eval line 3844 > eval line 1 > eval line 1 > eval, line 1: WEBGL_debug_renderer_info is deprecated in Firefox and will be removed. Please use RENDERER.
JavaScript warning: https://pagead2.googlesyndication.com/bg/HXK1UBO5dJ_nYlUyX89SMP4zFPzfcfFy3F4kBoREzco.js line 2 > eval line 5333 > eval line 1 > eval line 1 > eval, line 1: WEBGL_debug_renderer_info is deprecated in Firefox and will be removed. Please use RENDERER.
1669469699338	geckodriver	INFO	Listening on 127.0.0.1:55282
1669469702390	mozrunner::runner	INFO	Running command: "C:\\Program Files\\Mozilla Firefox\\firefox.exe" "--marionette" "--remote-debugging-port" "55283" "--remote-allow-hosts" "localhost" "-no-remote" "-profile" "C:\\Users\\PPAUL_~1\\AppData\\Local\\Temp\\rust_mozprofileCU3XUx"
1669469702775	Marionette	INFO	Marionette enabled
1669469702784	Marionette	INFO	Listening on port 55295
Read port: 55295
WebDriver BiDi listening on ws://127.0.0.1:55283
1669469702955	RemoteAgent	WARN	TLS certificate errors will be ignored for this session
console.warn: SearchSettings: "get: No settings file exists, new profile?" (new NotFoundError("Could not open the file at C:\\Users\\PPAUL_~1\\AppData\\Local\\Temp\\rust_mozprofileCU3XUx\\search.json.mozlz4", (void 0)))
DevTools listening on ws://127.0.0.1:55283/devtools/browser/f7d45033-6816-47bb-adc3-a40f24018459
console.warn: LoginRecipes: "Falling back to a synchronous message for: https://accounts.google.com."
console.warn: LoginRecipes: "Falling back to a synchronous message for: https://accounts.google.com."
console.warn: LoginRecipes: "Falling back to a synchronous message for: https://accounts.google.com."
console.warn: LoginRecipes: "Falling back to a synchronous message for: https://accounts.google.com."
JavaScript warning: https://accounts.google.com/signup line 2 > eval line 2268 > eval line 1 > eval line 1 > eval, line 1: WEBGL_debug_renderer_info is deprecated in Firefox and will be removed. Please use RENDERER.
1669469713221	Marionette	WARN	TimedPromise timed out after 500 ms: stacktrace:
TimedPromise/<@chrome://remote/content/marionette/sync.sys.mjs:220:24
TimedPromise@chrome://remote/content/marionette/sync.sys.mjs:205:10
interaction.flushEventLoop@chrome://remote/content/marionette/interaction.sys.mjs:425:10
webdriverClickElement@chrome://remote/content/marionette/interaction.sys.mjs:173:31
1669470541683	Marionette	INFO	Stopped listening on port 55295
console.warn: TopSitesFeed: Failed to fetch data from Contile server: NetworkError when attempting to fetch resource.
